#
# A fatal error has been detected by the Java Runtime Environment:
#
#  EXCEPTION_ACCESS_VIOLATION (0xc0000005) at pc=0x0000000070c423dd, pid=12848, tid=0x0000000000000fdc
#
# JRE version: Java(TM) SE Runtime Environment (8.0_231-b11) (build 1.8.0_231-b11)
# Java VM: Java HotSpot(TM) 64-Bit Server VM (25.231-b11 mixed mode windows-amd64 compressed oops)
# Problematic frame:
# V  [jvm.dll+0xc23dd]
#
# Failed to write core dump. Minidumps are not enabled by default on client versions of Windows
#
# If you would like to submit a bug report, please visit:
#   http://bugreport.java.com/bugreport/crash.jsp
#

---------------  T H R E A D  ---------------

Current thread (0x000000002cebc800):  JavaThread "AWT-EventQueue-0" [_thread_in_vm, id=4060, stack(0x000000002e390000,0x000000002e490000)]

siginfo: ExceptionCode=0xc0000005, reading address 0x0000000149bc38a0

Registers:
RAX=0x0000000149bc2a78, RBX=0x0000000029086280, RCX=0x0000000000008000, RDX=0x0000000029086280
RSP=0x000000002e48aed0, RBP=0x000000002cebc800, RSI=0x000000002cebc800, RDI=0x000000002c8b27e0
R8 =0x00000007c00472a0, R9 =0x000000002b5327f8, R10=0x0000000029086280, R11=0x000000000000001a
R12=0x000000000000018e, R13=0x000000002e48afb0, R14=0x0000000000000001, R15=0x000000002e48b180
RIP=0x0000000070c423dd, EFLAGS=0x0000000000010207

Top of Stack: (sp=0x000000002e48aed0)
0x000000002e48aed0:   0000000000000197 000000002cebc800
0x000000002e48aee0:   0000000029086580 000000002cebc800
0x000000002e48aef0:   00000000293c05b0 000000002cebc800
0x000000002e48af00:   0000c6ecbc8568c4 000000002e48b010
0x000000002e48af10:   0000000000000197 0000000029086580
0x000000002e48af20:   0000000000000000 0000000000000000
0x000000002e48af30:   000000002e48b180 000000002c8b27e0
0x000000002e48af40:   000000002b1a2750 000000002b1a2340
0x000000002e48af50:   000000002e48b050 0000000070c43b37
0x000000002e48af60:   0000000029086280 000000002cebc800
0x000000002e48af70:   00000007c00472a0 000000002cebc800
0x000000002e48af80:   0000000149bc2a78 000000002e48b001
0x000000002e48af90:   000000002cebc800 000000002e48b100
0x000000002e48afa0:   0000000029086280 000000002cebc800
0x000000002e48afb0:   0000000029086280 000000002cebc800
0x000000002e48afc0:   0000000149bc2a78 00000007c00472a0 

Instructions: (pc=0x0000000070c423dd)
0x0000000070c423bd:   50 49 8b d5 e8 ea 34 f7 ff 48 8b 74 24 58 48 8b
0x0000000070c423cd:   7c 24 50 e9 e8 00 00 00 48 8b 84 24 b0 00 00 00
0x0000000070c423dd:   4a 8b bc e0 b8 01 00 00 48 85 ff 0f 84 54 03 00
0x0000000070c423ed:   00 48 8b 9d 40 01 00 00 8b 13 3b 53 04 75 08 48 


Register to memory mapping:

RAX=0x0000000149bc2a78 is an unknown value
RBX={method} {0x0000000029086288} 'getAudioClip' '(Ljava/net/URL;)Ljava/applet/AudioClip;' in 'java/applet/Applet'
RCX=0x0000000000008000 is an unknown value
RDX={method} {0x0000000029086288} 'getAudioClip' '(Ljava/net/URL;)Ljava/applet/AudioClip;' in 'java/applet/Applet'
RSP=0x000000002e48aed0 is pointing into the stack for thread: 0x000000002cebc800
RBP=0x000000002cebc800 is a thread
RSI=0x000000002cebc800 is a thread
RDI=0x000000002c8b27e0 is an unknown value
R8 =0x00000007c00472a0 is pointing into metadata
R9 =0x000000002b5327f8 is an unknown value
R10={method} {0x0000000029086288} 'getAudioClip' '(Ljava/net/URL;)Ljava/applet/AudioClip;' in 'java/applet/Applet'
R11=0x000000000000001a is an unknown value
R12=0x000000000000018e is an unknown value
R13=0x000000002e48afb0 is pointing into the stack for thread: 0x000000002cebc800
R14=0x0000000000000001 is an unknown value
R15=0x000000002e48b180 is pointing into the stack for thread: 0x000000002cebc800


Stack: [0x000000002e390000,0x000000002e490000],  sp=0x000000002e48aed0,  free space=1003k
Native frames: (J=compiled Java code, j=interpreted, Vv=VM code, C=native code)
V  [jvm.dll+0xc23dd]
V  [jvm.dll+0xc3b37]
V  [jvm.dll+0xc44ba]
V  [jvm.dll+0xc4b17]
V  [jvm.dll+0xbd31a]
C  0x0000000002944eec

Java frames: (J=compiled Java code, j=interpreted, Vv=VM code)
j  java.applet.Applet.play(Ljava/net/URL;)V+2
j  java.awt.DefaultKeyboardFocusManager.dispatchEvent(Ljava/awt/AWTEvent;)Z+1479
j  java.awt.Component.dispatchEventImpl(Ljava/awt/AWTEvent;)V+151
j  java.awt.Container.dispatchEventImpl(Ljava/awt/AWTEvent;)V+42
j  java.awt.Window.dispatchEventImpl(Ljava/awt/AWTEvent;)V+19
j  java.awt.Component.dispatchEvent(Ljava/awt/AWTEvent;)V+2
j  java.awt.EventQueue.dispatchEventImpl(Ljava/awt/AWTEvent;Ljava/lang/Object;)V+41
j  java.awt.EventQueue.access$500(Ljava/awt/EventQueue;Ljava/awt/AWTEvent;Ljava/lang/Object;)V+3
j  java.awt.EventQueue$3.run()Ljava/lang/Void;+32
j  java.awt.EventQueue$3.run()Ljava/lang/Object;+1
v  ~StubRoutines::call_stub
J 907  java.security.AccessController.doPrivileged(Ljava/security/PrivilegedAction;Ljava/security/AccessControlContext;)Ljava/lang/Object; (0 bytes) @ 0x0000000002c32ca6 [0x0000000002c32c40+0x66]
J 1142 C1 java.security.ProtectionDomain$JavaSecurityAccessImpl.doIntersectionPrivilege(Ljava/security/PrivilegedAction;Ljava/security/AccessControlContext;Ljava/security/AccessControlContext;)Ljava/lang/Object; (22 bytes) @ 0x0000000002c82b7c [0x0000000002c82700+0x47c]
j  java.security.ProtectionDomain$JavaSecurityAccessImpl.doIntersectionPrivilege(Ljava/security/PrivilegedAction;Ljava/security/AccessControlContext;)Ljava/lang/Object;+6
j  java.awt.EventQueue$4.run()Ljava/lang/Void;+11
j  java.awt.EventQueue$4.run()Ljava/lang/Object;+1
v  ~StubRoutines::call_stub
J 907  java.security.AccessController.doPrivileged(Ljava/security/PrivilegedAction;Ljava/security/AccessControlContext;)Ljava/lang/Object; (0 bytes) @ 0x0000000002c32ca6 [0x0000000002c32c40+0x66]
J 1142 C1 java.security.ProtectionDomain$JavaSecurityAccessImpl.doIntersectionPrivilege(Ljava/security/PrivilegedAction;Ljava/security/AccessControlContext;Ljava/security/AccessControlContext;)Ljava/lang/Object; (22 bytes) @ 0x0000000002c82b7c [0x0000000002c82700+0x47c]
j  java.awt.EventQueue.dispatchEvent(Ljava/awt/AWTEvent;)V+73
j  java.awt.SequencedEvent.dispatch()V+112
j  java.awt.EventQueue.dispatchEventImpl(Ljava/awt/AWTEvent;Ljava/lang/Object;)V+21
j  java.awt.EventQueue.access$500(Ljava/awt/EventQueue;Ljava/awt/AWTEvent;Ljava/lang/Object;)V+3
j  java.awt.EventQueue$3.run()Ljava/lang/Void;+32
j  java.awt.EventQueue$3.run()Ljava/lang/Object;+1
v  ~StubRoutines::call_stub
J 907  java.security.AccessController.doPrivileged(Ljava/security/PrivilegedAction;Ljava/security/AccessControlContext;)Ljava/lang/Object; (0 bytes) @ 0x0000000002c32ca6 [0x0000000002c32c40+0x66]
J 1142 C1 java.security.ProtectionDomain$JavaSecurityAccessImpl.doIntersectionPrivilege(Ljava/security/PrivilegedAction;Ljava/security/AccessControlContext;Ljava/security/AccessControlContext;)Ljava/lang/Object; (22 bytes) @ 0x0000000002c82b7c [0x0000000002c82700+0x47c]
j  java.security.ProtectionDomain$JavaSecurityAccessImpl.doIntersectionPrivilege(Ljava/security/PrivilegedAction;Ljava/security/AccessControlContext;)Ljava/lang/Object;+6
j  java.awt.EventQueue$4.run()Ljava/lang/Void;+11
j  java.awt.EventQueue$4.run()Ljava/lang/Object;+1
v  ~StubRoutines::call_stub
J 907  java.security.AccessController.doPrivileged(Ljava/security/PrivilegedAction;Ljava/security/AccessControlContext;)Ljava/lang/Object; (0 bytes) @ 0x0000000002c32ca6 [0x0000000002c32c40+0x66]
J 1142 C1 java.security.ProtectionDomain$JavaSecurityAccessImpl.doIntersectionPrivilege(Ljava/security/PrivilegedAction;Ljava/security/AccessControlContext;Ljava/security/AccessControlContext;)Ljava/lang/Object; (22 bytes) @ 0x0000000002c82b7c [0x0000000002c82700+0x47c]
j  java.awt.EventQueue.dispatchEvent(Ljava/awt/AWTEvent;)V+73
j  java.awt.EventDispatchThread.pumpOneEventForFilters(I)V+140
j  java.awt.EventDispatchThread.pumpEventsForFilter(ILjava/awt/Conditional;Ljava/awt/EventFilter;)V+35
j  java.awt.EventDispatchThread.pumpEventsForHierarchy(ILjava/awt/Conditional;Ljava/awt/Component;)V+11
j  java.awt.EventDispatchThread.pumpEvents(ILjava/awt/Conditional;)V+4
j  java.awt.EventDispatchThread.pumpEvents(Ljava/awt/Conditional;)V+3
j  java.awt.EventDispatchThread.run()V+9
v  ~StubRoutines::call_stub

---------------  P R O C E S S  ---------------

Java Threads: ( => current thread )
  0x0000000002822800 JavaThread "DestroyJavaVM" [_thread_blocked, id=2548, stack(0x00000000026a0000,0x00000000027a0000)]
  0x000000002cebe000 JavaThread "Image Fetcher 0" daemon [_thread_blocked, id=13124, stack(0x000000002e490000,0x000000002e590000)]
=>0x000000002cebc800 JavaThread "AWT-EventQueue-0" [_thread_in_vm, id=4060, stack(0x000000002e390000,0x000000002e490000)]
  0x000000002ca36800 JavaThread "Image Fetcher 3" daemon [_thread_blocked, id=5640, stack(0x000000002e090000,0x000000002e190000)]
  0x000000002c7dc000 JavaThread "AWT-Shutdown" [_thread_blocked, id=5452, stack(0x000000002bb10000,0x000000002bc10000)]
  0x000000002b533000 JavaThread "AWT-Windows" daemon [_thread_blocked, id=6632, stack(0x000000002bc10000,0x000000002bd10000)]
  0x000000002b582800 JavaThread "Java2D Disposer" daemon [_thread_blocked, id=9740, stack(0x000000002ba10000,0x000000002bb10000)]
  0x000000002b53f000 JavaThread "TimerQueue" daemon [_thread_blocked, id=8832, stack(0x000000002b910000,0x000000002ba10000)]
  0x000000002b1c0800 JavaThread "Service Thread" daemon [_thread_blocked, id=12212, stack(0x000000002b5a0000,0x000000002b6a0000)]
  0x000000002980b800 JavaThread "C1 CompilerThread2" daemon [_thread_blocked, id=7036, stack(0x000000002b0a0000,0x000000002b1a0000)]
  0x0000000029807000 JavaThread "C2 CompilerThread1" daemon [_thread_blocked, id=2392, stack(0x000000002afa0000,0x000000002b0a0000)]
  0x00000000297ff800 JavaThread "C2 CompilerThread0" daemon [_thread_blocked, id=2280, stack(0x000000002aea0000,0x000000002afa0000)]
  0x00000000297fb800 JavaThread "Attach Listener" daemon [_thread_blocked, id=11432, stack(0x000000002ada0000,0x000000002aea0000)]
  0x00000000297fa000 JavaThread "Signal Dispatcher" daemon [_thread_blocked, id=10332, stack(0x000000002aca0000,0x000000002ada0000)]
  0x00000000297ea800 JavaThread "Finalizer" daemon [_thread_blocked, id=5864, stack(0x000000002aa70000,0x000000002ab70000)]
  0x0000000002911000 JavaThread "Reference Handler" daemon [_thread_blocked, id=11944, stack(0x000000002a970000,0x000000002aa70000)]

Other Threads:
  0x00000000297c7800 VMThread [stack: 0x000000002a870000,0x000000002a970000] [id=7928]
  0x000000002b1d9800 WatcherThread [stack: 0x000000002b6a0000,0x000000002b7a0000] [id=7788]

VM state:synchronizing (normal execution)

VM Mutex/Monitor currently owned by a thread:  ([mutex/lock_event])
[0x000000000281d4a0] Threads_lock - owner thread: 0x00000000297c7800

heap address: 0x000000054f000000, size: 10000 MB, Compressed Oops mode: Zero based, Oop shift amount: 3
Narrow klass base: 0x0000000000000000, Narrow klass shift: 3
Compressed class space size: 1073741824 Address: 0x00000007c0000000

Heap:
 PSYoungGen      total 57344K, used 30563K [0x00000006efb00000, 0x00000006f3b00000, 0x00000007c0000000)
  eden space 49152K, 62% used [0x00000006efb00000,0x00000006f18d8c28,0x00000006f2b00000)
  from space 8192K, 0% used [0x00000006f3300000,0x00000006f3300000,0x00000006f3b00000)
  to   space 8192K, 0% used [0x00000006f2b00000,0x00000006f2b00000,0x00000006f3300000)
 ParOldGen       total 131072K, used 0K [0x000000054f000000, 0x0000000557000000, 0x00000006efb00000)
  object space 131072K, 0% used [0x000000054f000000,0x000000054f000000,0x0000000557000000)
 Metaspace       used 13686K, capacity 14006K, committed 14336K, reserved 1062912K
  class space    used 1701K, capacity 1785K, committed 1792K, reserved 1048576K

Card table byte_map: [0x0000000011ce0000,0x0000000013070000] byte_map_base: 0x000000000f268000

Marking Bits: (ParMarkBitMap*) 0x00000000713a6d90
 Begin Bits: [0x0000000014180000, 0x000000001ddc0000)
 End Bits:   [0x000000001ddc0000, 0x0000000027a00000)

Polling page: 0x0000000000ae0000

CodeCache: size=245760Kb used=3512Kb max_used=3516Kb free=242247Kb
 bounds [0x0000000002920000, 0x0000000002ca0000, 0x0000000011920000]
 total_blobs=1611 nmethods=1066 adapters=457
 compilation: enabled

Compilation events (10 events):
Event: 10.430 Thread 0x000000002980b800 1144       3       java.lang.reflect.Field::getFieldAccessor (35 bytes)
Event: 10.430 Thread 0x000000002980b800 nmethod 1144 0x0000000002c8d850 code [0x0000000002c8d9c0, 0x0000000002c8dc08]
Event: 10.455 Thread 0x000000002980b800 1145       3       java.util.IdentityHashMap::get (60 bytes)
Event: 10.455 Thread 0x000000002980b800 nmethod 1145 0x0000000002c8cfd0 code [0x0000000002c8d180, 0x0000000002c8d628]
Event: 10.494 Thread 0x000000002980b800 1146       3       java.awt.AWTEvent::<init> (81 bytes)
Event: 10.495 Thread 0x000000002980b800 nmethod 1146 0x0000000002c8c4d0 code [0x0000000002c8c680, 0x0000000002c8ccc8]
Event: 10.518 Thread 0x000000002980b800 1147       3       java.awt.EventQueue::getNextEventPrivate (76 bytes)
Event: 10.518 Thread 0x000000002980b800 nmethod 1147 0x0000000002c8be50 code [0x0000000002c8bfe0, 0x0000000002c8c348]
Event: 10.518 Thread 0x000000002980b800 1148       3       java.awt.Component::getCursor_NoClientCode (30 bytes)
Event: 10.518 Thread 0x000000002980b800 nmethod 1148 0x0000000002c8b6d0 code [0x0000000002c8b860, 0x0000000002c8bce8]

GC Heap History (0 events):
No events

Deoptimization events (10 events):
Event: 6.874 Thread 0x000000002ca36800 Uncommon trap: reason=bimorphic action=maybe_recompile pc=0x0000000002b185e0 method=java.util.Collections$UnmodifiableCollection$1.next()Ljava/lang/Object; @ 4
Event: 6.898 Thread 0x0000000002822800 Uncommon trap: reason=bimorphic action=maybe_recompile pc=0x0000000002b15638 method=java.util.HashMap.getNode(ILjava/lang/Object;)Ljava/util/HashMap$Node; @ 126
Event: 6.898 Thread 0x0000000002822800 Uncommon trap: reason=bimorphic action=maybe_recompile pc=0x0000000002b15638 method=java.util.HashMap.getNode(ILjava/lang/Object;)Ljava/util/HashMap$Node; @ 126
Event: 6.898 Thread 0x0000000002822800 Uncommon trap: reason=bimorphic action=maybe_recompile pc=0x0000000002b15638 method=java.util.HashMap.getNode(ILjava/lang/Object;)Ljava/util/HashMap$Node; @ 126
Event: 6.898 Thread 0x0000000002822800 Uncommon trap: reason=bimorphic action=maybe_recompile pc=0x0000000002b15638 method=java.util.HashMap.getNode(ILjava/lang/Object;)Ljava/util/HashMap$Node; @ 126
Event: 6.954 Thread 0x0000000002822800 Uncommon trap: reason=class_check action=maybe_recompile pc=0x0000000002aa7b10 method=java.lang.String.equals(Ljava/lang/Object;)Z @ 8
Event: 6.954 Thread 0x0000000002822800 Uncommon trap: reason=class_check action=maybe_recompile pc=0x0000000002aa7b10 method=java.lang.String.equals(Ljava/lang/Object;)Z @ 8
Event: 6.955 Thread 0x0000000002822800 Uncommon trap: reason=class_check action=maybe_recompile pc=0x0000000002aa7b10 method=java.lang.String.equals(Ljava/lang/Object;)Z @ 8
Event: 6.955 Thread 0x0000000002822800 Uncommon trap: reason=class_check action=maybe_recompile pc=0x0000000002aa7b10 method=java.lang.String.equals(Ljava/lang/Object;)Z @ 8
Event: 7.040 Thread 0x000000002b533000 Uncommon trap: reason=unstable_if action=reinterpret pc=0x0000000002c4ec80 method=java.util.HashMap.putVal(ILjava/lang/Object;Ljava/lang/Object;ZZ)Ljava/lang/Object; @ 193

Classes redefined (0 events):
No events

Internal exceptions (10 events):
Event: 0.146 Thread 0x0000000002822800 Exception <a 'java/security/PrivilegedActionException'> (0x00000006efb95610) thrown at [C:\re\workspace\8-2-build-windows-amd64-cygwin\jdk8u231\13620\hotspot\src\share\vm\prims\jvm.cpp, line 1502]
Event: 0.146 Thread 0x0000000002822800 Exception <a 'java/security/PrivilegedActionException'> (0x00000006efb95820) thrown at [C:\re\workspace\8-2-build-windows-amd64-cygwin\jdk8u231\13620\hotspot\src\share\vm\prims\jvm.cpp, line 1502]
Event: 0.147 Thread 0x0000000002822800 Exception <a 'java/security/PrivilegedActionException'> (0x00000006efb99490) thrown at [C:\re\workspace\8-2-build-windows-amd64-cygwin\jdk8u231\13620\hotspot\src\share\vm\prims\jvm.cpp, line 1502]
Event: 0.147 Thread 0x0000000002822800 Exception <a 'java/security/PrivilegedActionException'> (0x00000006efb996a0) thrown at [C:\re\workspace\8-2-build-windows-amd64-cygwin\jdk8u231\13620\hotspot\src\share\vm\prims\jvm.cpp, line 1502]
Event: 0.153 Thread 0x0000000002822800 Exception <a 'java/io/FileNotFoundException'> (0x00000006efb9c550) thrown at [C:\re\workspace\8-2-build-windows-amd64-cygwin\jdk8u231\13620\hotspot\src\share\vm\prims\jni.cpp, line 710]
Event: 0.197 Thread 0x0000000002822800 Exception <a 'java/lang/NoSuchFieldError': method resolution failed> (0x00000006efd62a58) thrown at [C:\re\workspace\8-2-build-windows-amd64-cygwin\jdk8u231\13620\hotspot\src\share\vm\prims\methodHandles.cpp, line 1167]
Event: 0.199 Thread 0x0000000002822800 Exception <a 'java/lang/NoSuchFieldError': method resolution failed> (0x00000006efd6fe28) thrown at [C:\re\workspace\8-2-build-windows-amd64-cygwin\jdk8u231\13620\hotspot\src\share\vm\prims\methodHandles.cpp, line 1167]
Event: 0.277 Thread 0x0000000002822800 Implicit null exception at 0x0000000002a8c966 to 0x0000000002a8cb45
Event: 0.286 Thread 0x0000000002822800 Exception <a 'java/io/FileNotFoundException'> (0x00000006efe57de0) thrown at [C:\re\workspace\8-2-build-windows-amd64-cygwin\jdk8u231\13620\hotspot\src\share\vm\prims\jni.cpp, line 710]
Event: 6.883 Thread 0x000000002ca36800 Exception <a 'java/lang/InterruptedException': sleep interrupted> (0x00000006f08b0cb0) thrown at [C:\re\workspace\8-2-build-windows-amd64-cygwin\jdk8u231\13620\hotspot\src\share\vm\prims\jvm.cpp, line 3288]

Events (10 events):
Event: 7.186 loading class sun/awt/im/CompositionAreaHandler
Event: 7.187 loading class sun/awt/im/CompositionAreaHandler done
Event: 7.187 loading class java/text/AttributedString
Event: 7.187 loading class java/text/AttributedString done
Event: 7.187 loading class java/text/AttributedString$AttributedStringIterator
Event: 7.187 loading class java/text/AttributedCharacterIterator
Event: 7.187 loading class java/text/CharacterIterator
Event: 7.187 loading class java/text/CharacterIterator done
Event: 7.187 loading class java/text/AttributedCharacterIterator done
Event: 7.187 loading class java/text/AttributedString$AttributedStringIterator done


Dynamic libraries:
0x00007ff7eae60000 - 0x00007ff7eae97000 	C:\Program Files\Java\jre1.8.0_231\bin\javaw.exe
0x00007ff997e20000 - 0x00007ff998010000 	C:\WINDOWS\SYSTEM32\ntdll.dll
0x00007ff997460000 - 0x00007ff997512000 	C:\WINDOWS\System32\KERNEL32.DLL
0x00007ff9957d0000 - 0x00007ff995a73000 	C:\WINDOWS\System32\KERNELBASE.dll
0x00007ff9975f0000 - 0x00007ff997693000 	C:\WINDOWS\System32\ADVAPI32.dll
0x00007ff997d40000 - 0x00007ff997dde000 	C:\WINDOWS\System32\msvcrt.dll
0x00007ff997100000 - 0x00007ff997197000 	C:\WINDOWS\System32\sechost.dll
0x00007ff997710000 - 0x00007ff997830000 	C:\WINDOWS\System32\RPCRT4.dll
0x00007ff9971a0000 - 0x00007ff997334000 	C:\WINDOWS\System32\USER32.dll
0x00007ff995600000 - 0x00007ff995621000 	C:\WINDOWS\System32\win32u.dll
0x00007ff997cb0000 - 0x00007ff997cd6000 	C:\WINDOWS\System32\GDI32.dll
0x00007ff995630000 - 0x00007ff9957c4000 	C:\WINDOWS\System32\gdi32full.dll
0x00007ff995a80000 - 0x00007ff995b1e000 	C:\WINDOWS\System32\msvcp_win.dll
0x00007ff995ba0000 - 0x00007ff995c9a000 	C:\WINDOWS\System32\ucrtbase.dll
0x00007ff9885d0000 - 0x00007ff988855000 	C:\WINDOWS\WinSxS\amd64_microsoft.windows.common-controls_6595b64144ccf1df_6.0.18362.535_none_e6c3b34713100821\COMCTL32.dll
0x00007ff997830000 - 0x00007ff997b66000 	C:\WINDOWS\System32\combase.dll
0x00007ff995580000 - 0x00007ff995600000 	C:\WINDOWS\System32\bcryptPrimitives.dll
0x00007ff997340000 - 0x00007ff99736e000 	C:\WINDOWS\System32\IMM32.DLL
0x00000000708f0000 - 0x00000000709c2000 	C:\Program Files\Java\jre1.8.0_231\bin\msvcr100.dll
0x0000000070b80000 - 0x0000000071426000 	C:\Program Files\Java\jre1.8.0_231\bin\server\jvm.dll
0x00007ff995f60000 - 0x00007ff995f68000 	C:\WINDOWS\System32\PSAPI.DLL
0x00007ff9937f0000 - 0x00007ff9937f9000 	C:\WINDOWS\SYSTEM32\WSOCK32.dll
0x00007ff9915d0000 - 0x00007ff9915f4000 	C:\WINDOWS\SYSTEM32\WINMM.dll
0x00007ff98aa40000 - 0x00007ff98aa4a000 	C:\WINDOWS\SYSTEM32\VERSION.dll
0x00007ff9976a0000 - 0x00007ff99770f000 	C:\WINDOWS\System32\WS2_32.dll
0x00007ff9915a0000 - 0x00007ff9915cd000 	C:\WINDOWS\SYSTEM32\WINMMBASE.dll
0x00007ff994db0000 - 0x00007ff994dfa000 	C:\WINDOWS\System32\cfgmgr32.dll
0x00007ff975860000 - 0x00007ff97586f000 	C:\Program Files\Java\jre1.8.0_231\bin\verify.dll
0x00007ff96dcc0000 - 0x00007ff96dce9000 	C:\Program Files\Java\jre1.8.0_231\bin\java.dll
0x00007ff96dca0000 - 0x00007ff96dcb6000 	C:\Program Files\Java\jre1.8.0_231\bin\zip.dll
0x00007ff995f70000 - 0x00007ff996655000 	C:\WINDOWS\System32\SHELL32.dll
0x00007ff996b60000 - 0x00007ff996c09000 	C:\WINDOWS\System32\shcore.dll
0x00007ff994e00000 - 0x00007ff99557f000 	C:\WINDOWS\System32\windows.storage.dll
0x00007ff994d70000 - 0x00007ff994d8f000 	C:\WINDOWS\System32\profapi.dll
0x00007ff994d00000 - 0x00007ff994d4a000 	C:\WINDOWS\System32\powrprof.dll
0x00007ff994cf0000 - 0x00007ff994d00000 	C:\WINDOWS\System32\UMPDC.dll
0x00007ff997ce0000 - 0x00007ff997d32000 	C:\WINDOWS\System32\shlwapi.dll
0x00007ff994d50000 - 0x00007ff994d61000 	C:\WINDOWS\System32\kernel.appcore.dll
0x00007ff995b20000 - 0x00007ff995b37000 	C:\WINDOWS\System32\cryptsp.dll
0x00007ff977160000 - 0x00007ff9772fa000 	C:\Program Files\Java\jre1.8.0_231\bin\awt.dll
0x00007ff9966c0000 - 0x00007ff996784000 	C:\WINDOWS\System32\OLEAUT32.dll
0x00007ff992b90000 - 0x00007ff992c1f000 	C:\WINDOWS\SYSTEM32\apphelp.dll
0x00007ff992c90000 - 0x00007ff992d29000 	C:\WINDOWS\system32\uxtheme.dll
0x00007ff997b70000 - 0x00007ff997ca5000 	C:\WINDOWS\System32\MSCTF.dll
0x00007ff996790000 - 0x00007ff9968e6000 	C:\WINDOWS\System32\ole32.dll
0x00007ff992fe0000 - 0x00007ff99300d000 	C:\WINDOWS\system32\DWMAPI.DLL
0x00007ff96dc80000 - 0x00007ff96dc9a000 	C:\Program Files\Java\jre1.8.0_231\bin\net.dll
0x00007ff994560000 - 0x00007ff9945c7000 	C:\WINDOWS\system32\mswsock.dll
0x00007ff96dc60000 - 0x00007ff96dc72000 	C:\Program Files\Java\jre1.8.0_231\bin\nio.dll
0x00007ff9828c0000 - 0x00007ff982909000 	C:\Program Files\Java\jre1.8.0_231\bin\fontmanager.dll
0x00007ff975b20000 - 0x00007ff975c76000 	C:\WINDOWS\system32\opengl32.dll
0x00007ff9890b0000 - 0x00007ff9890dc000 	C:\WINDOWS\SYSTEM32\GLU32.dll
0x00007ff993960000 - 0x00007ff993980000 	C:\WINDOWS\SYSTEM32\dxcore.dll
0x00007ff981b50000 - 0x00007ff981b92000 	C:\Program Files\Java\jre1.8.0_231\bin\t2k.dll
0x00007ff996900000 - 0x00007ff9969a2000 	C:\WINDOWS\System32\clbcatq.dll
0x00007ff990360000 - 0x00007ff99050f000 	C:\WINDOWS\SYSTEM32\WindowsCodecs.dll
0x00007ff975470000 - 0x00007ff9754aa000 	C:\WINDOWS\system32\dataexchange.dll
0x00007ff991ca0000 - 0x00007ff991efb000 	C:\WINDOWS\system32\d3d11.dll
0x00007ff992360000 - 0x00007ff99253b000 	C:\WINDOWS\system32\dcomp.dll
0x00007ff9939f0000 - 0x00007ff993adb000 	C:\WINDOWS\system32\dxgi.dll
0x00007ff992d60000 - 0x00007ff992fba000 	C:\WINDOWS\system32\twinapi.appcore.dll
0x00007ff993270000 - 0x00007ff993299000 	C:\WINDOWS\system32\RMCLIENT.dll
0x00007ff9891e0000 - 0x00007ff98920a000 	C:\Program Files\Java\jre1.8.0_231\bin\dcpr.dll
0x00007ff9851e0000 - 0x00007ff98527e000 	C:\WINDOWS\System32\TextInputFramework.dll
0x00007ff990a20000 - 0x00007ff990d4a000 	C:\WINDOWS\System32\CoreUIComponents.dll
0x00007ff9928e0000 - 0x00007ff9929b4000 	C:\WINDOWS\System32\CoreMessaging.dll
0x00007ff990780000 - 0x00007ff9908d3000 	C:\WINDOWS\SYSTEM32\wintypes.dll
0x00007ff993d50000 - 0x00007ff993d81000 	C:\WINDOWS\SYSTEM32\ntmarta.dll
0x00007ff989800000 - 0x00007ff989aa6000 	C:\WINDOWS\System32\iertutil.dll
0x00007ff9935d0000 - 0x00007ff9937c4000 	C:\WINDOWS\SYSTEM32\dbghelp.dll

VM Arguments:
jvm_args: -Xmx10000m -Dfile.encoding=Cp1252 
java_command: MesTweets
java_class_path (initial): D:\Documents\M1 INFORMATIQUE\Java\MesTweets\TweetGraph\bin;C:\Users\Célestine\.p2\pool\plugins\org.eclipse.fx.ide.css.jfx8_3.0.0.201705220750.jar;D:\Documents\M1 INFORMATIQUE\Java\MesTweets\TweetGraph\lib\antlr4-runtime-4.7.1.jar;D:\Documents\M1 INFORMATIQUE\Java\MesTweets\TweetGraph\lib\commons-lang3-3.8.1.jar;D:\Documents\M1 INFORMATIQUE\Java\MesTweets\TweetGraph\lib\commons-text-1.5.jar;D:\Documents\M1 INFORMATIQUE\Java\MesTweets\TweetGraph\lib\fastutil-8.2.2.jar;D:\Documents\M1 INFORMATIQUE\Java\MesTweets\TweetGraph\lib\gs-algo-1.3.jar;D:\Documents\M1 INFORMATIQUE\Java\MesTweets\TweetGraph\lib\gs-core-1.3.jar;D:\Documents\M1 INFORMATIQUE\Java\MesTweets\TweetGraph\lib\guava-26.0-jre.jar;D:\Documents\M1 INFORMATIQUE\Java\MesTweets\TweetGraph\lib\jgrapht-bundle-1.3.0.jar;D:\Documents\M1 INFORMATIQUE\Java\MesTweets\TweetGraph\lib\jgrapht-core-1.3.0.jar;D:\Documents\M1 INFORMATIQUE\Java\MesTweets\TweetGraph\lib\jgrapht-io-1.3.0.jar;D:\Documents\M1 INFORMATIQUE\Java\MesTweets\TweetGraph\lib\jheaps-0.9.jar;D:\Documents\M1 INFORMATIQUE\Java\MesTweets\TweetGraph\lib\jgrapht-ext-1.3.0.jar;D:\Documents\M1 INFORMATIQUE\Java\MesTweets\TweetGraph\lib\jgraphx-3.4.1.3.jar;D:\Documents\M1 INFORMATIQUE\Java\MesTweets\TweetGraph\lib\jgrapht-demo-1.3.0.jar;D:\Documents\M1 INFORMATIQUE\Java\MesTweets\TweetGraph\lib\jgrapht-guava-1.3.0.jar;D:\Documents\M1 INFORMATIQUE\Java\MesTweets\TweetGraph\lib\jgrapht-opt-1.3.0.jar;D:\Documents\M1 INFORMATIQUE\Java\MesTweets\TweetGraph\lib\jgraphx.jar
Launcher Type: SUN_STANDARD

Environment Variables:
JAVA_HOME=C:\Program Files\Java\jre1.8.0_231
PATH=C:/Program Files/Java/jre1.8.0_231/bin/server;C:/Program Files/Java/jre1.8.0_231/bin;C:/Program Files/Java/jre1.8.0_231/lib/amd64;C:\Program Files (x86)\Common Files\Oracle\Java\javapath;C:\WINDOWS\system32;C:\WINDOWS;C:\WINDOWS\System32\Wbem;C:\WINDOWS\System32\WindowsPowerShell\v1.0\;C:\WINDOWS\System32\OpenSSH\;C:\Program Files (x86)\Windows Live\Shared;C:\Program Files\Java\jdk1.8.0_221\bin;C:\apache-cassandra-3.11.4\bin;C:\Program Files\Git\cmd;C:\Python27;C:\Users\Célestine\AppData\Local\Microsoft\WindowsApps;C:\Users\Célestine\AppData\Local\Programs\Microsoft VS Code\bin;C:\Python27;C:\Users\Célestine\AppData\Local\Programs\MiKTeX 2.9\miktex\bin\x64\;C:\Users\Célestine\AppData\Local\Pandoc\;C:\WINDOWS\System32;
USERNAME=Célestine
OS=Windows_NT
PROCESSOR_IDENTIFIER=Intel64 Family 6 Model 61 Stepping 4, GenuineIntel



---------------  S Y S T E M  ---------------

OS: Windows 10.0 , 64 bit Build 18362 (10.0.18362.329)

CPU:total 4 (initial active 4) (2 cores per cpu, 2 threads per core) family 6 model 61 stepping 4, cmov, cx8, fxsr, mmx, sse, sse2, sse3, ssse3, sse4.1, sse4.2, popcnt, avx, avx2, aes, clmul, erms, 3dnowpref, lzcnt, ht, tsc, tscinvbit, bmi1, bmi2, adx

Memory: 4k page, physical 12479908k(8337520k free), swap 14380452k(6415144k free)

vm_info: Java HotSpot(TM) 64-Bit Server VM (25.231-b11) for windows-amd64 JRE (1.8.0_231-b11), built on Oct  5 2019 03:11:30 by "java_re" with MS VC++ 10.0 (VS2010)

time: Wed Jan 08 18:51:31 2020
timezone: Paris, Madrid
elapsed time: 12 seconds (0d 0h 0m 12s)

